<?xml version="1.0" encoding="UTF-8" standalone="no"?>
<window xmlns="http://schemas.haulmont.com/cuba/screen/window.xsd"
        caption="msg://testRunEdit.caption"
        focusComponent="form"
        messagesPack="com.company.quarium.web.screens.testrun">
    <data>
        <instance id="testRunDc"
                  class="com.company.quarium.entity.project.TestRun">
            <view extends="_local"/>
            <loader/>
        </instance>
    </data>
    <dialogMode height="600"
                width="800"/>
    <layout expand="editActions" spacing="true">
        <form id="form" dataContainer="testRunDc">
            <column width="350px">
                <textField id="nameField" property="name" required="true"/>
                <textField id="descriptionField" property="description"/>
            </column>
        </form>
        <hbox id="editActions" spacing="true">
            <button id="commitAndCloseBtn" action="windowCommitAndClose"/>
            <button id="closeBtn" action="windowClose"/>
        </hbox>
    </layout>
</window>
