<?xml version="1.0" encoding="UTF-8" standalone="no"?>
<window xmlns="http://schemas.haulmont.com/cuba/screen/window.xsd"
        caption="msg://testCaseEdit.caption"
        focusComponent="form"
        messagesPack="com.company.quarium.web.screens.testcase">
    <data>
        <instance id="testCaseDc"
                  class="com.company.quarium.entity.testSuit.TestCase">
            <view extends="testCase-edit"/>
            <loader/>
            <collection id="stepsCollection" property="caseStep"/>
        </instance>
        <collection id="prioritiesDc" class="com.company.quarium.entity.references.Priority" view="_minimal">
            <loader id="prioritiesDl">
                <query>
                    <![CDATA[select e from quarium_Priority e]]>
                </query>
            </loader>
        </collection>
    </data>
    <dialogMode height="800"
                width="1100"
                resizable="true"/>
    <layout expand="scrollBox" spacing="true" width="100%">
        <scrollBox id="scrollBox" spacing="true" width="100%">
            <form id="form" dataContainer="testCaseDc" height="100%" width="100%">
                <grid id="caseForm" spacing="true" width="100%">
                    <columns>
                        <column flex="3"/>
                        <column flex="1"/>
                    </columns>
                    <rows>
                        <row>
                            <textField id="caseNameField" property="name"
                                       dataContainer="testCaseDc"
                                       caption="msg://checklistEdit.caseName"
                                       width="90%"
                                       required="true"/>
                            <hbox caption="msg://checklistEdit.estimation" spacing="true">
                                <textField id="caseHours" property="hours"
                                           dataContainer="testCaseDc" width="50"/>
                                <label id="testCaseHoursLabel"
                                       value="msg://checklistEdit.hoursLabel"
                                       align="BOTTOM_LEFT"
                                       width="20"/>
                                <textField id="caseMinutes" property="minutes"
                                           dataContainer="testCaseDc" width="50"/>
                                <label id="testCaseMinLabel"
                                       value="msg://checklistEdit.minutesLabel"
                                       align="BOTTOM_LEFT"/>
                            </hbox>
                        </row>
                        <row>
                            <textArea id="initialConditions" dataContainer="testCaseDc"
                                      property="initialConditions"
                                      caption="msg://checklistEdit.initialConditions"
                                      width="90%"
                                      rows="3"/>

                            <lookupField id="priorityField" dataContainer="testCaseDc"
                                         optionsContainer="prioritiesDc" property="priority"
                                         caption="msg://checklistEdit.priority" width="100%"/>
                        </row>
                        <row>
                            <table id="stepsTable"
                                   dataContainer="stepsCollection"
                                   width="100%"
                                   responsive="true"
                                   multiselect="true"
                                   columnHeaderVisible="false"
                                   caption="msg://checklistEdit.steps"
                                   multiLineCells="true"
                                   editable="true"
                                   colspan="2"
                                   showSelection="false">
                                <actions>
                                    <action id="createStep" type="create"/>
                                    <action id="removeStep" type="remove"/>
                                    <action id="moveStepUp"/>
                                    <action id="moveStepDown"/>
                                </actions>
                                <columns>
                                    <column id="number" editable="false" width="20"/>
                                    <column id="step" editable="true"/>
                                </columns>
                                <buttonsPanel>
                                    <button action="stepsTable.createStep" caption=""
                                            icon="ADD_TO_SET_ACTION"
                                            primary="false"/>
                                    <button action="stepsTable.removeStep" caption=""
                                            icon="REMOVE_ACTION"/>
                                    <button id="stepUp" caption=""
                                            action="stepsTable.moveStepUp"
                                            icon="font-icon:ANGLE_UP"/>
                                    <button id="stepDown" caption=""
                                            action="stepsTable.moveStepDown"
                                            icon="font-icon:ANGLE_DOWN"/>
                                </buttonsPanel>
                            </table>
                        </row>
                        <row>
                            <textArea id="expectedResultField" property="expectedResult"
                                      dataContainer="testCaseDc"
                                      caption="msg://checklistEdit.expectedResult"
                                      width="100%"
                                      rows="4"
                                      colspan="2"/>
                        </row>
                    </rows>
                </grid>
            </form>
        </scrollBox>
        <grid width="100%">
            <columns>
                <column id="editActionsColumn"/>
                <column id="addNextColumn"/>
            </columns>
            <rows>
                <row>
                    <hbox id="editActions" spacing="true">
                        <button id="commitAndCloseBtn" caption="msg://ok" icon="OK" primary="true"/>
                        <button id="closeBtn" action="windowClose"/>
                    </hbox>
                    <hbox id="addNextAction" align="MIDDLE_RIGHT">
                        <button id="addNext" caption="msg://addNext"/>
                    </hbox>
                </row>
            </rows>
        </grid>
    </layout>
</window>
