<window xmlns="http://schemas.haulmont.com/cuba/screen/window.xsd"
        caption="msg://testCaseBrowse.caption"
        focusComponent="table"
        messagesPack="com.company.quarium.web.screens.testcase">
    <data>
        <collection id="testCasesDc"
                    class="com.company.quarium.entity.checklist.TestCase">
            <view extends="_local"/>
            <loader id="testCasesDl">
                <query>
                    <![CDATA[select e from quarium_TestCase e]]>
                </query>
            </loader>
        </collection>
        <instance id="testCaseDc"
                  class="com.company.quarium.entity.checklist.TestCase">
            <view extends="_local"/>
            <loader/>
        </instance>
    </data>
    <actions>
        <action id="save" icon="icons/ok.png" caption="mainMsg://actions.Ok" shortcut="CTRL-ENTER"/>
        <action id="cancel" icon="icons/cancel.png" caption="mainMsg://actions.Cancel" description="Esc"/>
    </actions>
    <dialogMode height="600" width="800"/>
    <layout>
        <split id="split" height="100%" orientation="horizontal" reversePosition="true" width="100%">
            <vbox id="lookupBox" expand="table" height="100%" margin="false,true,false,false" spacing="true">
                <filter id="filter" applyTo="table" dataLoader="testCasesDl">
                    <properties include=".*"/>
                </filter>
                <groupTable id="table"
                            width="100%"
                            dataContainer="testCasesDc"
                            multiselect="true">
                    <actions>
                        <action id="create" type="create"/>
                        <action id="edit" type="edit"/>
                        <action id="remove" type="remove"/>
                    </actions>
                    <columns>
                        <column id="name"/>
                        <column id="step"/>
                        <column id="expectedResult"/>
                    </columns>
                    <rowsCount/>
                    <buttonsPanel id="buttonsPanel"
                                  alwaysVisible="true">
                        <button id="createBtn" action="table.create"/>
                        <button id="editBtn" action="table.edit"/>
                        <button id="removeBtn" action="table.remove"/>
                    </buttonsPanel>
                </groupTable>
                <hbox id="lookupActions" spacing="true" visible="false">
                    <button action="lookupSelectAction"/>
                    <button action="lookupCancelAction"/>
                </hbox>
            </vbox>
            <vbox id="editBox" height="100%" margin="false,false,false,true" expand="fieldGroupBox" spacing="true">
                <scrollBox id="fieldGroupBox">
                    <form id="form" dataContainer="testCaseDc">
                        <column width="350px">
                            <textField id="nameField" property="name"/>
                            <textField id="stepField" property="step"/>
                            <textArea id="expectedResultField" property="expectedResult" rows="5"/>
                        </column>
                    </form>
                </scrollBox>
                <hbox id="actionsPane" spacing="true" visible="false">
                    <button id="saveBtn" action="save"/>
                    <button id="cancelBtn" action="cancel"/>
                </hbox>
            </vbox>
        </split>
    </layout>
</window>
